build/app/intermediates/manifest_merge_blame_file/debug/manifest-merger-blame-debug-report.txt
1<?xml version="1.0" encoding="utf-8"?>
2<manifest xmlns:android="http://schemas.android.com/apk/res/android"
3    package="com.ideafoster.elbrownie"
4    android:versionCode="1"
5    android:versionName="1.0.0" >
6
7    <uses-sdk
8        android:minSdkVersion="21"
9        android:targetSdkVersion="29" />
10    <!--
11         Flutter needs it to communicate with the running application
12         to allow setting breakpoints, to provide hot reload, etc.
13    -->
14    <uses-permission android:name="android.permission.INTERNET" />
14-->src\main\AndroidManifest.xml:8:7-68
14-->src\main\AndroidManifest.xml:8:24-66
15    <uses-permission android:name="android.permission.READ_EXTERNAL_STORAGE" />
15-->[:image_picker] AndroidManifest.xml:7:5-80
15-->[:image_picker] AndroidManifest.xml:7:22-77
16    <uses-permission android:name="android.permission.WRITE_EXTERNAL_STORAGE" />
16-->[:image_picker] AndroidManifest.xml:8:5-81
16-->[:image_picker] AndroidManifest.xml:8:22-78
17    <uses-permission android:name="android.permission.CAMERA" />
17-->[:camera] AndroidManifest.xml:7:5-65
17-->[:camera] AndroidManifest.xml:7:22-62
18    <uses-permission android:name="android.permission.RECORD_AUDIO" />
18-->[:camera] AndroidManifest.xml:8:5-71
18-->[:camera] AndroidManifest.xml:8:22-68
19    <uses-permission android:name="android.permission.ACCESS_COARSE_LOCATION" />
19-->[:location] AndroidManifest.xml:7:5-81
19-->[:location] AndroidManifest.xml:7:22-78
20    <uses-permission android:name="android.permission.ACCESS_FINE_LOCATION" /> <!-- Although the *SdkVersion is captured in gradle build files, this is required for non gradle builds -->
20-->[:location] AndroidManifest.xml:8:5-79
20-->[:location] AndroidManifest.xml:8:22-76
21    <!-- <uses-sdk android:minSdkVersion="14"/> -->
22    <uses-permission android:name="android.permission.ACCESS_NETWORK_STATE" />
22-->[com.google.firebase:firebase-storage:19.1.1] AndroidManifest.xml:26:5-79
22-->[com.google.firebase:firebase-storage:19.1.1] AndroidManifest.xml:26:22-76
23    <uses-permission android:name="android.permission.WAKE_LOCK" />
23-->[com.google.android.gms:play-services-measurement-api:17.4.1] AndroidManifest.xml:24:5-68
23-->[com.google.android.gms:play-services-measurement-api:17.4.1] AndroidManifest.xml:24:22-65
24
25    <uses-feature
25-->[com.google.android.gms:play-services-maps:17.0.0] AndroidManifest.xml:26:5-28:35
26        android:glEsVersion="0x00020000"
26-->[com.google.android.gms:play-services-maps:17.0.0] AndroidManifest.xml:27:9-41
27        android:required="true" /> <!-- Required by older versions of Google Play services to create IID tokens -->
27-->[com.google.android.gms:play-services-maps:17.0.0] AndroidManifest.xml:28:9-32
28    <uses-permission android:name="com.google.android.c2dm.permission.RECEIVE" />
28-->[com.google.firebase:firebase-iid:20.1.5] AndroidManifest.xml:26:5-82
28-->[com.google.firebase:firebase-iid:20.1.5] AndroidManifest.xml:26:22-79
29    <uses-permission android:name="com.google.android.finsky.permission.BIND_GET_INSTALL_REFERRER_SERVICE" />
29-->[com.google.android.gms:play-services-measurement:17.4.1] AndroidManifest.xml:26:5-110
29-->[com.google.android.gms:play-services-measurement:17.4.1] AndroidManifest.xml:26:22-107
30
31    <application
31-->src\main\AndroidManifest.xml:10:5-60:19
32        android:name="io.flutter.app.FlutterApplication"
32-->src\main\AndroidManifest.xml:11:9-57
33        android:appComponentFactory="androidx.core.app.CoreComponentFactory"
33-->[androidx.core:core:1.1.0] AndroidManifest.xml:24:18-86
34        android:debuggable="true"
35        android:icon="@mipmap/ic_launcher"
35-->src\main\AndroidManifest.xml:13:9-43
36        android:label="el_brownie_app"
36-->src\main\AndroidManifest.xml:12:9-39
37        android:supportsRtl="true"
37-->[com.facebook.android:facebook-login:5.5.1] AndroidManifest.xml:28:18-44
38        android:theme="@style/Theme.AppCompat.Light.NoActionBar" >
38-->[:stripe_payment] AndroidManifest.xml:11:18-74
39        <meta-data
39-->src\main\AndroidManifest.xml:15:9-107
40            android:name="com.facebook.sdk.ApplicationId"
40-->src\main\AndroidManifest.xml:15:20-65
41            android:value="@string/facebook_app_id" />
41-->src\main\AndroidManifest.xml:15:66-105
42
43        <activity
43-->src\main\AndroidManifest.xml:16:9-184
44            android:name="com.facebook.FacebookActivity"
44-->src\main\AndroidManifest.xml:16:19-63
45            android:configChanges="keyboard|keyboardHidden|screenLayout|screenSize|orientation"
45-->src\main\AndroidManifest.xml:16:64-148
46            android:label="@string/app_name"
46-->src\main\AndroidManifest.xml:16:149-181
47            android:theme="@style/com_facebook_activity_theme" />
47-->[com.facebook.android:facebook-common:5.5.1] AndroidManifest.xml:32:13-63
48        <activity
48-->src\main\AndroidManifest.xml:17:9-23:20
49            android:name="com.facebook.CustomTabActivity"
49-->src\main\AndroidManifest.xml:17:19-64
50            android:exported="true" >
50-->src\main\AndroidManifest.xml:17:65-88
51            <intent-filter>
51-->src\main\AndroidManifest.xml:18:9-22:25
52                <action android:name="android.intent.action.VIEW" />
52-->src\main\AndroidManifest.xml:18:25-77
52-->src\main\AndroidManifest.xml:18:33-74
53
54                <category android:name="android.intent.category.DEFAULT" />
54-->src\main\AndroidManifest.xml:19:9-68
54-->src\main\AndroidManifest.xml:19:19-65
55                <category android:name="android.intent.category.BROWSABLE" />
55-->src\main\AndroidManifest.xml:20:9-70
55-->src\main\AndroidManifest.xml:20:19-67
56
57                <data android:scheme="@string/fb_login_protocol_scheme" />
57-->src\main\AndroidManifest.xml:21:9-67
57-->src\main\AndroidManifest.xml:21:15-64
58            </intent-filter>
59        </activity>
60        <activity
60-->src\main\AndroidManifest.xml:26:9-54:20
61            android:name="com.ideafoster.elbrownie.MainActivity"
61-->src\main\AndroidManifest.xml:27:13-41
62            android:configChanges="orientation|keyboardHidden|keyboard|screenSize|smallestScreenSize|locale|layoutDirection|fontScale|screenLayout|density|uiMode"
62-->src\main\AndroidManifest.xml:30:13-163
63            android:hardwareAccelerated="true"
63-->src\main\AndroidManifest.xml:31:13-47
64            android:launchMode="singleTop"
64-->src\main\AndroidManifest.xml:28:13-43
65            android:theme="@style/LaunchTheme"
65-->src\main\AndroidManifest.xml:29:13-47
66            android:windowSoftInputMode="adjustResize" >
66-->src\main\AndroidManifest.xml:32:13-55
67
68            <!--
69                 Specifies an Android theme to apply to this Activity as soon as
70                 the Android process has started. This theme is visible to the user
71                 while the Flutter UI initializes. After that, this theme continues
72                 to determine the Window background behind the Flutter UI.
73            -->
74            <meta-data
74-->src\main\AndroidManifest.xml:37:13-40:17
75                android:name="io.flutter.embedding.android.NormalTheme"
75-->src\main\AndroidManifest.xml:38:15-70
76                android:resource="@style/NormalTheme" />
76-->src\main\AndroidManifest.xml:39:15-52
77            <!--
78                 Displays an Android View that continues showing the launch screen
79                 Drawable until Flutter paints its first frame, then this splash
80                 screen fades out. A splash screen is useful to avoid any visual
81                 gap between the end of Android's launch screen and the painting of
82                 Flutter's first frame.
83            -->
84            <meta-data
84-->src\main\AndroidManifest.xml:46:13-49:17
85                android:name="io.flutter.embedding.android.SplashScreenDrawable"
85-->src\main\AndroidManifest.xml:47:15-79
86                android:resource="@drawable/launch_background" />
86-->src\main\AndroidManifest.xml:48:15-61
87
88            <intent-filter>
88-->src\main\AndroidManifest.xml:50:13-53:29
89                <action android:name="android.intent.action.MAIN" />
89-->src\main\AndroidManifest.xml:51:17-68
89-->src\main\AndroidManifest.xml:51:25-66
90
91                <category android:name="android.intent.category.LAUNCHER" />
91-->src\main\AndroidManifest.xml:52:17-76
91-->src\main\AndroidManifest.xml:52:27-74
92            </intent-filter>
93        </activity>
94        <!--
95             Don't delete the meta-data below.
96             This is used by the Flutter tool to generate GeneratedPluginRegistrant.java
97        -->
98        <meta-data
98-->src\main\AndroidManifest.xml:57:9-59:33
99            android:name="flutterEmbedding"
99-->src\main\AndroidManifest.xml:58:13-44
100            android:value="2" />
100-->src\main\AndroidManifest.xml:59:13-30
101
102        <service
102-->[:firebase_storage] AndroidManifest.xml:8:9-12:19
103            android:name="com.google.firebase.components.ComponentDiscoveryService"
103-->[:firebase_storage] AndroidManifest.xml:8:18-89
104            android:directBootAware="true"
104-->[com.google.firebase:firebase-common:19.3.0] AndroidManifest.xml:34:13-43
105            android:exported="false" >
105-->[com.google.firebase:firebase-auth:19.3.1] AndroidManifest.xml:35:13-37
106            <meta-data
106-->[:firebase_storage] AndroidManifest.xml:9:13-11:85
107                android:name="com.google.firebase.components:io.flutter.plugins.firebase.storage.FlutterFirebaseAppRegistrar"
107-->[:firebase_storage] AndroidManifest.xml:10:17-126
108                android:value="com.google.firebase.components.ComponentRegistrar" />
108-->[:firebase_storage] AndroidManifest.xml:11:17-82
109            <meta-data
109-->[:cloud_firestore] AndroidManifest.xml:9:13-11:85
110                android:name="com.google.firebase.components:io.flutter.plugins.firebase.firestore.FlutterFirebaseFirestoreRegistrar"
110-->[:cloud_firestore] AndroidManifest.xml:10:17-134
111                android:value="com.google.firebase.components.ComponentRegistrar" />
111-->[:cloud_firestore] AndroidManifest.xml:11:17-82
112            <meta-data
112-->[:firebase_auth] AndroidManifest.xml:9:13-11:85
113                android:name="com.google.firebase.components:io.flutter.plugins.firebase.auth.FlutterFirebaseAuthRegistrar"
113-->[:firebase_auth] AndroidManifest.xml:10:17-124
114                android:value="com.google.firebase.components.ComponentRegistrar" />
114-->[:firebase_auth] AndroidManifest.xml:11:17-82
115            <meta-data
115-->[:firebase_core] AndroidManifest.xml:9:13-11:85
116                android:name="com.google.firebase.components:io.flutter.plugins.firebase.core.FlutterFirebaseCoreRegistrar"
116-->[:firebase_core] AndroidManifest.xml:10:17-124
117                android:value="com.google.firebase.components.ComponentRegistrar" />
117-->[:firebase_core] AndroidManifest.xml:11:17-82
118            <meta-data
118-->[com.google.firebase:firebase-auth:19.3.1] AndroidManifest.xml:36:13-38:85
119                android:name="com.google.firebase.components:com.google.firebase.auth.FirebaseAuthRegistrar"
119-->[com.google.firebase:firebase-auth:19.3.1] AndroidManifest.xml:37:17-109
120                android:value="com.google.firebase.components.ComponentRegistrar" />
120-->[com.google.firebase:firebase-auth:19.3.1] AndroidManifest.xml:38:17-82
121            <meta-data
121-->[com.google.firebase:firebase-storage:19.1.1] AndroidManifest.xml:33:13-35:85
122                android:name="com.google.firebase.components:com.google.firebase.storage.StorageRegistrar"
122-->[com.google.firebase:firebase-storage:19.1.1] AndroidManifest.xml:34:17-107
123                android:value="com.google.firebase.components.ComponentRegistrar" />
123-->[com.google.firebase:firebase-storage:19.1.1] AndroidManifest.xml:35:17-82
124            <meta-data
124-->[com.google.firebase:firebase-firestore:21.4.3] AndroidManifest.xml:20:13-22:85
125                android:name="com.google.firebase.components:com.google.firebase.firestore.FirestoreRegistrar"
125-->[com.google.firebase:firebase-firestore:21.4.3] AndroidManifest.xml:21:17-111
126                android:value="com.google.firebase.components.ComponentRegistrar" />
126-->[com.google.firebase:firebase-firestore:21.4.3] AndroidManifest.xml:22:17-82
127            <meta-data
127-->[com.google.android.gms:play-services-measurement-api:17.4.1] AndroidManifest.xml:30:13-32:85
128                android:name="com.google.firebase.components:com.google.firebase.analytics.connector.internal.AnalyticsConnectorRegistrar"
128-->[com.google.android.gms:play-services-measurement-api:17.4.1] AndroidManifest.xml:31:17-139
129                android:value="com.google.firebase.components.ComponentRegistrar" />
129-->[com.google.android.gms:play-services-measurement-api:17.4.1] AndroidManifest.xml:32:17-82
130            <meta-data
130-->[com.google.firebase:firebase-iid:20.1.5] AndroidManifest.xml:32:13-34:85
131                android:name="com.google.firebase.components:com.google.firebase.iid.Registrar"
131-->[com.google.firebase:firebase-iid:20.1.5] AndroidManifest.xml:33:17-96
132                android:value="com.google.firebase.components.ComponentRegistrar" />
132-->[com.google.firebase:firebase-iid:20.1.5] AndroidManifest.xml:34:17-82
133            <meta-data
133-->[com.google.firebase:firebase-installations:16.2.1] AndroidManifest.xml:17:13-19:85
134                android:name="com.google.firebase.components:com.google.firebase.installations.FirebaseInstallationsRegistrar"
134-->[com.google.firebase:firebase-installations:16.2.1] AndroidManifest.xml:18:17-127
135                android:value="com.google.firebase.components.ComponentRegistrar" />
135-->[com.google.firebase:firebase-installations:16.2.1] AndroidManifest.xml:19:17-82
136        </service>
137
138        <provider
138-->[:image_picker] AndroidManifest.xml:11:9-19:20
139            android:name="io.flutter.plugins.imagepicker.ImagePickerFileProvider"
139-->[:image_picker] AndroidManifest.xml:12:13-82
140            android:authorities="com.ideafoster.elbrownie.flutter.image_provider"
140-->[:image_picker] AndroidManifest.xml:13:13-74
141            android:exported="false"
141-->[:image_picker] AndroidManifest.xml:14:13-37
142            android:grantUriPermissions="true" >
142-->[:image_picker] AndroidManifest.xml:15:13-47
143            <meta-data
143-->[:image_picker] AndroidManifest.xml:16:13-18:75
144                android:name="android.support.FILE_PROVIDER_PATHS"
144-->[:image_picker] AndroidManifest.xml:17:17-67
145                android:resource="@xml/flutter_image_picker_file_paths" />
145-->[:image_picker] AndroidManifest.xml:18:17-72
146        </provider>
147
148        <activity
148-->[:url_launcher] AndroidManifest.xml:8:9-11:74
149            android:name="io.flutter.plugins.urllauncher.WebViewActivity"
149-->[:url_launcher] AndroidManifest.xml:9:13-74
150            android:exported="false"
150-->[:url_launcher] AndroidManifest.xml:10:13-37
151            android:theme="@android:style/Theme.NoTitleBar.Fullscreen" />
151-->[:url_launcher] AndroidManifest.xml:11:13-71
152
153        <meta-data
153-->[:stripe_payment] AndroidManifest.xml:12:9-14:36
154            android:name="com.google.android.gms.wallet.api.enabled"
154-->[:stripe_payment] AndroidManifest.xml:13:13-69
155            android:value="true" />
155-->[:stripe_payment] AndroidManifest.xml:14:13-33
156
157        <activity
157-->[:stripe_payment] AndroidManifest.xml:16:9-20:75
158            android:name="com.gettipsi.stripe.OpenBrowserActivity"
158-->[:stripe_payment] AndroidManifest.xml:17:13-67
159            android:exported="false"
159-->[:stripe_payment] AndroidManifest.xml:18:13-37
160            android:launchMode="singleTask"
160-->[:stripe_payment] AndroidManifest.xml:19:13-44
161            android:theme="@android:style/Theme.Translucent.NoTitleBar" />
161-->[:stripe_payment] AndroidManifest.xml:20:13-72
162        <activity
162-->[:stripe_payment] AndroidManifest.xml:21:9-34:20
163            android:name="com.gettipsi.stripe.RedirectUriReceiver"
163-->[:stripe_payment] AndroidManifest.xml:22:13-67
164            android:exported="true"
164-->[:stripe_payment] AndroidManifest.xml:23:13-36
165            android:launchMode="singleTask"
165-->[:stripe_payment] AndroidManifest.xml:24:13-44
166            android:theme="@android:style/Theme.Translucent.NoTitleBar.Fullscreen" >
166-->[:stripe_payment] AndroidManifest.xml:25:13-83
167            <intent-filter>
167-->[:stripe_payment] AndroidManifest.xml:26:13-33:29
168                <action android:name="android.intent.action.VIEW" />
168-->src\main\AndroidManifest.xml:18:25-77
168-->src\main\AndroidManifest.xml:18:33-74
169
170                <category android:name="android.intent.category.DEFAULT" />
170-->src\main\AndroidManifest.xml:19:9-68
170-->src\main\AndroidManifest.xml:19:19-65
171                <category android:name="android.intent.category.BROWSABLE" />
171-->src\main\AndroidManifest.xml:20:9-70
171-->src\main\AndroidManifest.xml:20:19-67
172
173                <data android:scheme="example" />
173-->src\main\AndroidManifest.xml:21:9-67
173-->src\main\AndroidManifest.xml:21:15-64
174            </intent-filter>
175        </activity>
176        <activity
176-->[com.stripe:stripe-android:10.4.6] AndroidManifest.xml:12:9-14:57
177            android:name="com.stripe.android.view.AddPaymentMethodActivity"
177-->[com.stripe:stripe-android:10.4.6] AndroidManifest.xml:13:13-76
178            android:theme="@style/StripeDefaultTheme" />
178-->[com.stripe:stripe-android:10.4.6] AndroidManifest.xml:14:13-54
179        <activity
179-->[com.stripe:stripe-android:10.4.6] AndroidManifest.xml:15:9-17:57
180            android:name="com.stripe.android.view.PaymentMethodsActivity"
180-->[com.stripe:stripe-android:10.4.6] AndroidManifest.xml:16:13-74
181            android:theme="@style/StripeDefaultTheme" />
181-->[com.stripe:stripe-android:10.4.6] AndroidManifest.xml:17:13-54
182        <activity
182-->[com.stripe:stripe-android:10.4.6] AndroidManifest.xml:18:9-20:57
183            android:name="com.stripe.android.view.PaymentFlowActivity"
183-->[com.stripe:stripe-android:10.4.6] AndroidManifest.xml:19:13-71
184            android:theme="@style/StripeDefaultTheme" />
184-->[com.stripe:stripe-android:10.4.6] AndroidManifest.xml:20:13-54
185        <activity
185-->[com.stripe:stripe-android:10.4.6] AndroidManifest.xml:21:9-23:57
186            android:name="com.stripe.android.view.PaymentAuthWebViewActivity"
186-->[com.stripe:stripe-android:10.4.6] AndroidManifest.xml:22:13-78
187            android:theme="@style/StripeDefaultTheme" />
187-->[com.stripe:stripe-android:10.4.6] AndroidManifest.xml:23:13-54
188        <activity
188-->[com.stripe:stripe-android:10.4.6] AndroidManifest.xml:24:9-26:57
189            android:name="com.stripe.android.view.PaymentRelayActivity"
189-->[com.stripe:stripe-android:10.4.6] AndroidManifest.xml:25:13-72
190            android:theme="@style/StripeDefaultTheme" />
190-->[com.stripe:stripe-android:10.4.6] AndroidManifest.xml:26:13-54
191        <activity
191-->[com.stripe:stripe-3ds2-android:1.2.2] AndroidManifest.xml:12:9-14:54
192            android:name="com.stripe.android.stripe3ds2.views.ChallengeActivity"
192-->[com.stripe:stripe-3ds2-android:1.2.2] AndroidManifest.xml:13:13-81
193            android:theme="@style/Stripe3DS2Theme" />
193-->[com.stripe:stripe-3ds2-android:1.2.2] AndroidManifest.xml:14:13-51
194        <activity
194-->[com.stripe:stripe-3ds2-android:1.2.2] AndroidManifest.xml:15:9-17:54
195            android:name="com.stripe.android.stripe3ds2.views.ChallengeProgressDialogActivity"
195-->[com.stripe:stripe-3ds2-android:1.2.2] AndroidManifest.xml:16:13-95
196            android:theme="@style/Stripe3DS2Theme" />
196-->[com.stripe:stripe-3ds2-android:1.2.2] AndroidManifest.xml:17:13-51
197        <activity
197-->[com.google.android.gms:play-services-auth:16.0.1] AndroidManifest.xml:23:9-27:75
198            android:name="com.google.android.gms.auth.api.signin.internal.SignInHubActivity"
198-->[com.google.android.gms:play-services-auth:16.0.1] AndroidManifest.xml:24:13-93
199            android:excludeFromRecents="true"
199-->[com.google.android.gms:play-services-auth:16.0.1] AndroidManifest.xml:25:13-46
200            android:exported="false"
200-->[com.google.android.gms:play-services-auth:16.0.1] AndroidManifest.xml:26:13-37
201            android:theme="@android:style/Theme.Translucent.NoTitleBar" />
201-->[com.google.android.gms:play-services-auth:16.0.1] AndroidManifest.xml:27:13-72
202        <!--
203            Service handling Google Sign-In user revocation. For apps that do not integrate with
204            Google Sign-In, this service will never be started.
205        -->
206        <service
206-->[com.google.android.gms:play-services-auth:16.0.1] AndroidManifest.xml:33:9-36:110
207            android:name="com.google.android.gms.auth.api.signin.RevocationBoundService"
207-->[com.google.android.gms:play-services-auth:16.0.1] AndroidManifest.xml:34:13-89
208            android:exported="true"
208-->[com.google.android.gms:play-services-auth:16.0.1] AndroidManifest.xml:35:13-36
209            android:permission="com.google.android.gms.auth.api.signin.permission.REVOCATION_NOTIFICATION" />
209-->[com.google.android.gms:play-services-auth:16.0.1] AndroidManifest.xml:36:13-107
210
211        <activity
211-->[com.google.firebase:firebase-auth:19.3.1] AndroidManifest.xml:24:9-31:50
212            android:name="com.google.firebase.auth.internal.FederatedSignInActivity"
212-->[com.google.firebase:firebase-auth:19.3.1] AndroidManifest.xml:25:13-85
213            android:excludeFromRecents="true"
213-->[com.google.firebase:firebase-auth:19.3.1] AndroidManifest.xml:26:13-46
214            android:exported="true"
214-->[com.google.firebase:firebase-auth:19.3.1] AndroidManifest.xml:27:13-36
215            android:launchMode="singleTask"
215-->[com.google.firebase:firebase-auth:19.3.1] AndroidManifest.xml:28:13-44
216            android:permission="com.google.firebase.auth.api.gms.permission.LAUNCH_FEDERATED_SIGN_IN"
216-->[com.google.firebase:firebase-auth:19.3.1] AndroidManifest.xml:29:13-102
217            android:theme="@android:style/Theme.Translucent.NoTitleBar" /> <!-- Needs to be explicitly declared on P+ -->
217-->[com.google.firebase:firebase-auth:19.3.1] AndroidManifest.xml:30:13-72
218        <uses-library
218-->[com.google.android.gms:play-services-maps:17.0.0] AndroidManifest.xml:33:9-35:40
219            android:name="org.apache.http.legacy"
219-->[com.google.android.gms:play-services-maps:17.0.0] AndroidManifest.xml:34:13-50
220            android:required="false" />
220-->[com.google.android.gms:play-services-maps:17.0.0] AndroidManifest.xml:35:13-37
221
222        <receiver
222-->[com.google.firebase:firebase-iid:20.1.5] AndroidManifest.xml:37:9-44:20
223            android:name="com.google.firebase.iid.FirebaseInstanceIdReceiver"
223-->[com.google.firebase:firebase-iid:20.1.5] AndroidManifest.xml:38:13-78
224            android:exported="true"
224-->[com.google.firebase:firebase-iid:20.1.5] AndroidManifest.xml:39:13-36
225            android:permission="com.google.android.c2dm.permission.SEND" >
225-->[com.google.firebase:firebase-iid:20.1.5] AndroidManifest.xml:40:13-73
226            <intent-filter>
226-->[com.google.firebase:firebase-iid:20.1.5] AndroidManifest.xml:41:13-43:29
227                <action android:name="com.google.android.c2dm.intent.RECEIVE" />
227-->[com.google.firebase:firebase-iid:20.1.5] AndroidManifest.xml:42:17-81
227-->[com.google.firebase:firebase-iid:20.1.5] AndroidManifest.xml:42:25-78
228            </intent-filter>
229        </receiver>
230
231        <activity
231-->[com.google.android.gms:play-services-base:17.1.0] AndroidManifest.xml:23:9-26:75
232            android:name="com.google.android.gms.common.api.GoogleApiActivity"
232-->[com.google.android.gms:play-services-base:17.1.0] AndroidManifest.xml:24:13-79
233            android:exported="false"
233-->[com.google.android.gms:play-services-base:17.1.0] AndroidManifest.xml:25:13-37
234            android:theme="@android:style/Theme.Translucent.NoTitleBar" />
234-->[com.google.android.gms:play-services-base:17.1.0] AndroidManifest.xml:26:13-72
235
236        <provider
236-->[com.google.firebase:firebase-common:19.3.0] AndroidManifest.xml:26:9-30:39
237            android:name="com.google.firebase.provider.FirebaseInitProvider"
237-->[com.google.firebase:firebase-common:19.3.0] AndroidManifest.xml:27:13-77
238            android:authorities="com.ideafoster.elbrownie.firebaseinitprovider"
238-->[com.google.firebase:firebase-common:19.3.0] AndroidManifest.xml:28:13-72
239            android:exported="false"
239-->[com.google.firebase:firebase-common:19.3.0] AndroidManifest.xml:29:13-37
240            android:initOrder="100" />
240-->[com.google.firebase:firebase-common:19.3.0] AndroidManifest.xml:30:13-36
241
242        <receiver
242-->[com.google.android.gms:play-services-measurement:17.4.1] AndroidManifest.xml:29:9-33:20
243            android:name="com.google.android.gms.measurement.AppMeasurementReceiver"
243-->[com.google.android.gms:play-services-measurement:17.4.1] AndroidManifest.xml:30:13-85
244            android:enabled="true"
244-->[com.google.android.gms:play-services-measurement:17.4.1] AndroidManifest.xml:31:13-35
245            android:exported="false" >
245-->[com.google.android.gms:play-services-measurement:17.4.1] AndroidManifest.xml:32:13-37
246        </receiver>
247
248        <service
248-->[com.google.android.gms:play-services-measurement:17.4.1] AndroidManifest.xml:35:9-38:40
249            android:name="com.google.android.gms.measurement.AppMeasurementService"
249-->[com.google.android.gms:play-services-measurement:17.4.1] AndroidManifest.xml:36:13-84
250            android:enabled="true"
250-->[com.google.android.gms:play-services-measurement:17.4.1] AndroidManifest.xml:37:13-35
251            android:exported="false" />
251-->[com.google.android.gms:play-services-measurement:17.4.1] AndroidManifest.xml:38:13-37
252        <service
252-->[com.google.android.gms:play-services-measurement:17.4.1] AndroidManifest.xml:39:9-43:72
253            android:name="com.google.android.gms.measurement.AppMeasurementJobService"
253-->[com.google.android.gms:play-services-measurement:17.4.1] AndroidManifest.xml:40:13-87
254            android:enabled="true"
254-->[com.google.android.gms:play-services-measurement:17.4.1] AndroidManifest.xml:41:13-35
255            android:exported="false"
255-->[com.google.android.gms:play-services-measurement:17.4.1] AndroidManifest.xml:42:13-37
256            android:permission="android.permission.BIND_JOB_SERVICE" />
256-->[com.google.android.gms:play-services-measurement:17.4.1] AndroidManifest.xml:43:13-69
257
258        <meta-data
258-->[com.google.android.gms:play-services-basement:17.0.0] AndroidManifest.xml:23:9-25:69
259            android:name="com.google.android.gms.version"
259-->[com.google.android.gms:play-services-basement:17.0.0] AndroidManifest.xml:24:13-58
260            android:value="@integer/google_play_services_version" />
260-->[com.google.android.gms:play-services-basement:17.0.0] AndroidManifest.xml:25:13-66
261
262        <activity android:name="com.facebook.CustomTabMainActivity" />
262-->[com.facebook.android:facebook-common:5.5.1] AndroidManifest.xml:33:9-71
262-->[com.facebook.android:facebook-common:5.5.1] AndroidManifest.xml:33:19-68
263        <!--
264         The initialization ContentProvider will call FacebookSdk.sdkInitialize automatically
265         with the application context. This config is merged in with the host app's manifest,
266         but there can only be one provider with the same authority activated at any given
267         point; so if the end user has two or more different apps that use Facebook SDK, only the
268         first one will be able to use the provider. To work around this problem, we use the
269         following placeholder in the authority to identify each host application as if it was
270         a completely different provider.
271        -->
272        <provider
272-->[com.facebook.android:facebook-core:5.5.1] AndroidManifest.xml:39:9-42:40
273            android:name="com.facebook.internal.FacebookInitProvider"
273-->[com.facebook.android:facebook-core:5.5.1] AndroidManifest.xml:40:13-70
274            android:authorities="com.ideafoster.elbrownie.FacebookInitProvider"
274-->[com.facebook.android:facebook-core:5.5.1] AndroidManifest.xml:41:13-72
275            android:exported="false" />
275-->[com.facebook.android:facebook-core:5.5.1] AndroidManifest.xml:42:13-37
276
277        <receiver
277-->[com.facebook.android:facebook-core:5.5.1] AndroidManifest.xml:44:9-50:20
278            android:name="com.facebook.CurrentAccessTokenExpirationBroadcastReceiver"
278-->[com.facebook.android:facebook-core:5.5.1] AndroidManifest.xml:45:13-86
279            android:exported="false" >
279-->[com.facebook.android:facebook-core:5.5.1] AndroidManifest.xml:46:13-37
280            <intent-filter>
280-->[com.facebook.android:facebook-core:5.5.1] AndroidManifest.xml:47:13-49:29
281                <action android:name="com.facebook.sdk.ACTION_CURRENT_ACCESS_TOKEN_CHANGED" />
281-->[com.facebook.android:facebook-core:5.5.1] AndroidManifest.xml:48:17-95
281-->[com.facebook.android:facebook-core:5.5.1] AndroidManifest.xml:48:25-92
282            </intent-filter>
283        </receiver>
284        <receiver
284-->[com.facebook.android:facebook-core:5.5.1] AndroidManifest.xml:51:9-58:20
285            android:name="com.facebook.CampaignTrackingReceiver"
285-->[com.facebook.android:facebook-core:5.5.1] AndroidManifest.xml:52:13-65
286            android:exported="true"